<?xml version="1.0" encoding="UTF-8"?>
<!-- Generated by org.testng.reporters.JUnitReportReporter -->
<testsuite skipped="0" hostname="DESKTOP-F6J9ALJ" name="demo.automationtesting.in.testclasses.RegisterTest" tests="3" failures="0" timestamp="21 Feb 2024 17:37:12 GMT" time="75.188" errors="0">
  <testcase name="registerPageTitleTest" time="27.763" classname="demo.automationtesting.in.testclasses.RegisterTest"/>
  <testcase name="testRegisterUser" time="13.465" classname="demo.automationtesting.in.testclasses.RegisterTest"/>
  <testcase name="testRegisterUser" time="33.960" classname="demo.automationtesting.in.testclasses.RegisterTest"/>
</testsuite> <!-- demo.automationtesting.in.testclasses.RegisterTest -->
